2018-09-07 23:18:27.050  INFO 3768 --- [Test worker] c.e.r.ReadingListApplicationTests        : Starting ReadingListApplicationTests on xian with PID 3768 (started by Dell in D:\eclipse\workspace\boot\readinglist)
2018-09-07 23:18:27.058  INFO 3768 --- [Test worker] c.e.r.ReadingListApplicationTests        : No active profile set, falling back to default profiles: default
2018-09-07 23:18:27.139  INFO 3768 --- [Test worker] o.s.w.c.s.GenericWebApplicationContext   : Refreshing org.springframework.web.context.support.GenericWebApplicationContext@415593fe: startup date [Fri Sep 07 23:18:27 CST 2018]; root of context hierarchy
2018-09-07 23:18:29.663  INFO 3768 --- [Test worker] trationDelegate$BeanPostProcessorChecker : Bean 'org.springframework.transaction.annotation.ProxyTransactionManagementConfiguration' of type [org.springframework.transaction.annotation.ProxyTransactionManagementConfiguration$$EnhancerBySpringCGLIB$$36ec4415] is not eligible for getting processed by all BeanPostProcessors (for example: not eligible for auto-proxying)
2018-09-07 23:18:30.082  INFO 3768 --- [Test worker] c.z.h.HikariDataSource                   : HikariPool-1 - Starting...
2018-09-07 23:18:30.255  INFO 3768 --- [Test worker] c.z.h.HikariDataSource                   : HikariPool-1 - Start completed.
2018-09-07 23:18:30.355  INFO 3768 --- [Test worker] j.LocalContainerEntityManagerFactoryBean : Building JPA container EntityManagerFactory for persistence unit 'default'
2018-09-07 23:18:30.411  INFO 3768 --- [Test worker] o.h.j.i.u.LogHelper                      : HHH000204: Processing PersistenceUnitInfo [
	name: default
	...]
2018-09-07 23:18:30.549  INFO 3768 --- [Test worker] o.h.Version                              : HHH000412: Hibernate Core {5.2.17.Final}
2018-09-07 23:18:30.551  INFO 3768 --- [Test worker] o.h.c.Environment                        : HHH000206: hibernate.properties not found
2018-09-07 23:18:30.611  INFO 3768 --- [Test worker] o.h.a.c.Version                          : HCANN000001: Hibernate Commons Annotations {5.0.1.Final}
2018-09-07 23:18:30.795  INFO 3768 --- [Test worker] o.h.d.Dialect                            : HHH000400: Using dialect: org.hibernate.dialect.H2Dialect
2018-09-07 23:18:31.472  INFO 3768 --- [Test worker] o.h.t.s.i.SchemaCreatorImpl              : HHH000476: Executing import script 'org.hibernate.tool.schema.internal.exec.ScriptSourceInputNonExistentImpl@4d897097'
2018-09-07 23:18:31.476  INFO 3768 --- [Test worker] j.LocalContainerEntityManagerFactoryBean : Initialized JPA EntityManagerFactory for persistence unit 'default'
2018-09-07 23:18:32.867  INFO 3768 --- [Test worker] o.s.s.w.DefaultSecurityFilterChain       : Creating filter chain: org.springframework.security.web.util.matcher.AnyRequestMatcher@1, [org.springframework.security.web.context.request.async.WebAsyncManagerIntegrationFilter@53e69df8, org.springframework.security.web.context.SecurityContextPersistenceFilter@532e4a4a, org.springframework.security.web.header.HeaderWriterFilter@3faac718, org.springframework.security.web.csrf.CsrfFilter@10293b6, org.springframework.security.web.authentication.logout.LogoutFilter@571404bb, org.springframework.security.web.authentication.UsernamePasswordAuthenticationFilter@b75b383, org.springframework.security.web.savedrequest.RequestCacheAwareFilter@84b49ca, org.springframework.security.web.servletapi.SecurityContextHolderAwareRequestFilter@23fb3f4d, org.springframework.security.web.authentication.AnonymousAuthenticationFilter@3105e27, org.springframework.security.web.session.SessionManagementFilter@97de6d5, org.springframework.security.web.access.ExceptionTranslationFilter@4d9fbb19, org.springframework.security.web.access.intercept.FilterSecurityInterceptor@40a4a236]
2018-09-07 23:18:33.518  INFO 3768 --- [Test worker] o.s.w.s.h.SimpleUrlHandlerMapping        : Mapped URL path [/**/favicon.ico] onto handler of type [class org.springframework.web.servlet.resource.ResourceHttpRequestHandler]
2018-09-07 23:18:33.995  INFO 3768 --- [Test worker] s.w.s.m.m.a.RequestMappingHandlerAdapter : Looking for @ControllerAdvice: org.springframework.web.context.support.GenericWebApplicationContext@415593fe: startup date [Fri Sep 07 23:18:27 CST 2018]; root of context hierarchy
2018-09-07 23:18:34.074  WARN 3768 --- [Test worker] aWebConfiguration$JpaWebMvcConfiguration : spring.jpa.open-in-view is enabled by default. Therefore, database queries may be performed during view rendering. Explicitly configure spring.jpa.open-in-view to disable this warning
2018-09-07 23:18:34.136  INFO 3768 --- [Test worker] s.w.s.m.m.a.RequestMappingHandlerMapping : Mapped "{[/readingList/{reader}],methods=[POST]}" onto public java.lang.String com.example.readinglist.ReadingListController.addToReadingList(java.lang.String,com.example.readinglist.Book)
2018-09-07 23:18:34.136  INFO 3768 --- [Test worker] s.w.s.m.m.a.RequestMappingHandlerMapping : Mapped "{[/readingList/{reader}],methods=[GET]}" onto public java.lang.String com.example.readinglist.ReadingListController.readersBooks(java.lang.String,org.springframework.ui.Model)
2018-09-07 23:18:34.136  INFO 3768 --- [Test worker] s.w.s.m.m.a.RequestMappingHandlerMapping : Mapped "{[/error]}" onto public org.springframework.http.ResponseEntity<java.util.Map<java.lang.String, java.lang.Object>> org.springframework.boot.autoconfigure.web.servlet.error.BasicErrorController.error(javax.servlet.http.HttpServletRequest)
2018-09-07 23:18:34.136  INFO 3768 --- [Test worker] s.w.s.m.m.a.RequestMappingHandlerMapping : Mapped "{[/error],produces=[text/html]}" onto public org.springframework.web.servlet.ModelAndView org.springframework.boot.autoconfigure.web.servlet.error.BasicErrorController.errorHtml(javax.servlet.http.HttpServletRequest,javax.servlet.http.HttpServletResponse)
2018-09-07 23:18:34.193  INFO 3768 --- [Test worker] o.s.w.s.h.SimpleUrlHandlerMapping        : Mapped URL path [/webjars/**] onto handler of type [class org.springframework.web.servlet.resource.ResourceHttpRequestHandler]
2018-09-07 23:18:34.193  INFO 3768 --- [Test worker] o.s.w.s.h.SimpleUrlHandlerMapping        : Mapped URL path [/**] onto handler of type [class org.springframework.web.servlet.resource.ResourceHttpRequestHandler]
2018-09-07 23:18:34.777  INFO 3768 --- [Test worker] c.e.r.ReadingListApplicationTests        : Started ReadingListApplicationTests in 8.336 seconds (JVM running for 10.661)
2018-09-07 23:18:35.157  INFO 3768 --- [Thread-5] o.s.w.c.s.GenericWebApplicationContext   : Closing org.springframework.web.context.support.GenericWebApplicationContext@415593fe: startup date [Fri Sep 07 23:18:27 CST 2018]; root of context hierarchy
2018-09-07 23:18:35.172  INFO 3768 --- [Thread-5] j.LocalContainerEntityManagerFactoryBean : Closing JPA EntityManagerFactory for persistence unit 'default'
2018-09-07 23:18:35.172  INFO 3768 --- [Thread-5] .SchemaDropperImpl$DelayedDropActionImpl : HHH000477: Starting delayed drop of schema as part of SessionFactory shut-down'
2018-09-07 23:18:35.172  INFO 3768 --- [Thread-5] c.z.h.HikariDataSource                   : HikariPool-1 - Shutdown initiated...
2018-09-07 23:18:35.188  INFO 3768 --- [Thread-5] c.z.h.HikariDataSource                   : HikariPool-1 - Shutdown completed.
2018-09-07 23:19:18.758  INFO 4448 --- [main] c.e.r.ReadingListApplication             : Starting ReadingListApplication on xian with PID 4448 (D:\eclipse\workspace\boot\readinglist\build\libs\readinglist-0.0.1-SNAPSHOT.jar started by Dell in D:\eclipse\workspace\boot\readinglist)
2018-09-07 23:19:18.758  INFO 4448 --- [main] c.e.r.ReadingListApplication             : No active profile set, falling back to default profiles: default
2018-09-07 23:19:18.947  INFO 4448 --- [main] ConfigServletWebServerApplicationContext : Refreshing org.springframework.boot.web.servlet.context.AnnotationConfigServletWebServerApplicationContext@506e6d5e: startup date [Fri Sep 07 23:19:18 CST 2018]; root of context hierarchy
2018-09-07 23:19:21.041  INFO 4448 --- [main] trationDelegate$BeanPostProcessorChecker : Bean 'org.springframework.transaction.annotation.ProxyTransactionManagementConfiguration' of type [org.springframework.transaction.annotation.ProxyTransactionManagementConfiguration$$EnhancerBySpringCGLIB$$6d79c726] is not eligible for getting processed by all BeanPostProcessors (for example: not eligible for auto-proxying)
2018-09-07 23:19:22.026  INFO 4448 --- [main] o.s.b.w.e.t.TomcatWebServer              : Tomcat initialized with port(s): 8443 (https)
2018-09-07 23:19:22.057  INFO 4448 --- [main] o.a.c.c.StandardService                  : Starting service [Tomcat]
2018-09-07 23:19:22.072  INFO 4448 --- [main] o.a.c.c.StandardEngine                   : Starting Servlet Engine: Apache Tomcat/8.5.32
2018-09-07 23:19:22.072  INFO 4448 --- [localhost-startStop-1] o.a.c.c.AprLifecycleListener             : The APR based Apache Tomcat Native library which allows optimal performance in production environments was not found on the java.library.path: [C:\ProgramData\Oracle\Java\javapath;C:\Windows\Sun\Java\bin;C:\Windows\system32;C:\Windows;D:\TSBrowserDownloads\cmder_mini\bin;D:\TSBrowserDownloads\cmder_mini\vendor\conemu-maximus5\ConEmu\Scripts;D:\TSBrowserDownloads\cmder_mini\vendor\conemu-maximus5;D:\TSBrowserDownloads\cmder_mini\vendor\conemu-maximus5\ConEmu;C:\ProgramData\Oracle\Java\javapath;C:\Python27\;C:\Python27\Scripts;C:\Program Files (x86)\Intel\iCLS Client\;C:\Program Files\Intel\iCLS Client\;C:\Program Files\Dell\DW WLAN Card;C:\Windows\system32;C:\Windows;C:\Windows\System32\Wbem;C:\Windows\System32\WindowsPowerShell\v1.0\;c:\Program Files\WIDCOMM\Bluetooth Software\;c:\Program Files\WIDCOMM\Bluetooth Software\syswow64;C:\Program Files\Intel\Intel(R) Management Engine Components\DAL;C:\Program Files (x86)\Intel\Intel(R) Management Engine Components\DAL;C:\Program Files\Intel\Intel(R) Management Engine Components\IPT;C:\Program Files (x86)\Intel\Intel(R) Management Engine Components\IPT;C:\Python27;C:\Python27\Scripts;D:\mysql\mysql-5.6.26-winx64\bin;D:\Program Files\Java\jdk1.8.0_112\bin;d:\Program Files\Git\cmd;d:\gradle\gradle-4.8\bin;d:\Program Files\Git\mingw64;d:\Program Files\Git\usr\bin;D:\TSBrowserDownloads\cmder_mini;.]
2018-09-07 23:19:22.213  INFO 4448 --- [localhost-startStop-1] o.a.c.c.C.[.[.[/]                        : Initializing Spring embedded WebApplicationContext
2018-09-07 23:19:22.213  INFO 4448 --- [localhost-startStop-1] o.s.w.c.ContextLoader                    : Root WebApplicationContext: initialization completed in 3281 ms
2018-09-07 23:19:22.369  INFO 4448 --- [localhost-startStop-1] o.s.b.w.s.FilterRegistrationBean         : Mapping filter: 'characterEncodingFilter' to: [/*]
2018-09-07 23:19:22.385  INFO 4448 --- [localhost-startStop-1] o.s.b.w.s.FilterRegistrationBean         : Mapping filter: 'hiddenHttpMethodFilter' to: [/*]
2018-09-07 23:19:22.385  INFO 4448 --- [localhost-startStop-1] o.s.b.w.s.FilterRegistrationBean         : Mapping filter: 'httpPutFormContentFilter' to: [/*]
2018-09-07 23:19:22.385  INFO 4448 --- [localhost-startStop-1] o.s.b.w.s.FilterRegistrationBean         : Mapping filter: 'requestContextFilter' to: [/*]
2018-09-07 23:19:22.385  INFO 4448 --- [localhost-startStop-1] .s.DelegatingFilterProxyRegistrationBean : Mapping filter: 'springSecurityFilterChain' to: [/*]
2018-09-07 23:19:22.385  INFO 4448 --- [localhost-startStop-1] o.s.b.w.s.ServletRegistrationBean        : Servlet dispatcherServlet mapped to [/]
2018-09-07 23:19:22.619  INFO 4448 --- [main] c.z.h.HikariDataSource                   : HikariPool-1 - Starting...
2018-09-07 23:19:22.916  INFO 4448 --- [main] c.z.h.HikariDataSource                   : HikariPool-1 - Start completed.
2018-09-07 23:19:22.994  INFO 4448 --- [main] j.LocalContainerEntityManagerFactoryBean : Building JPA container EntityManagerFactory for persistence unit 'default'
2018-09-07 23:19:23.010  INFO 4448 --- [main] o.h.j.i.u.LogHelper                      : HHH000204: Processing PersistenceUnitInfo [
	name: default
	...]
2018-09-07 23:19:23.166  INFO 4448 --- [main] o.h.Version                              : HHH000412: Hibernate Core {5.2.17.Final}
2018-09-07 23:19:23.166  INFO 4448 --- [main] o.h.c.Environment                        : HHH000206: hibernate.properties not found
2018-09-07 23:19:23.260  INFO 4448 --- [main] o.h.a.c.Version                          : HCANN000001: Hibernate Commons Annotations {5.0.1.Final}
2018-09-07 23:19:23.666  INFO 4448 --- [main] o.h.d.Dialect                            : HHH000400: Using dialect: org.hibernate.dialect.H2Dialect
2018-09-07 23:19:24.354  INFO 4448 --- [main] o.h.t.s.i.SchemaCreatorImpl              : HHH000476: Executing import script 'org.hibernate.tool.schema.internal.exec.ScriptSourceInputNonExistentImpl@c430e6c'
2018-09-07 23:19:24.354  INFO 4448 --- [main] j.LocalContainerEntityManagerFactoryBean : Initialized JPA EntityManagerFactory for persistence unit 'default'
2018-09-07 23:19:25.723  INFO 4448 --- [main] o.s.s.w.DefaultSecurityFilterChain       : Creating filter chain: org.springframework.security.web.util.matcher.AnyRequestMatcher@1, [org.springframework.security.web.context.request.async.WebAsyncManagerIntegrationFilter@662706a7, org.springframework.security.web.context.SecurityContextPersistenceFilter@55cf0d14, org.springframework.security.web.header.HeaderWriterFilter@31920ade, org.springframework.security.web.csrf.CsrfFilter@616ac46a, org.springframework.security.web.authentication.logout.LogoutFilter@2b175c00, org.springframework.security.web.authentication.UsernamePasswordAuthenticationFilter@5117dd67, org.springframework.security.web.savedrequest.RequestCacheAwareFilter@27adc16e, org.springframework.security.web.servletapi.SecurityContextHolderAwareRequestFilter@1fd14d74, org.springframework.security.web.authentication.AnonymousAuthenticationFilter@45a4b042, org.springframework.security.web.session.SessionManagementFilter@4032d386, org.springframework.security.web.access.ExceptionTranslationFilter@490caf5f, org.springframework.security.web.access.intercept.FilterSecurityInterceptor@2812b107]
2018-09-07 23:19:25.910  INFO 4448 --- [main] o.s.w.s.h.SimpleUrlHandlerMapping        : Mapped URL path [/**/favicon.ico] onto handler of type [class org.springframework.web.servlet.resource.ResourceHttpRequestHandler]
2018-09-07 23:19:26.270  INFO 4448 --- [main] s.w.s.m.m.a.RequestMappingHandlerAdapter : Looking for @ControllerAdvice: org.springframework.boot.web.servlet.context.AnnotationConfigServletWebServerApplicationContext@506e6d5e: startup date [Fri Sep 07 23:19:18 CST 2018]; root of context hierarchy
2018-09-07 23:19:26.348  WARN 4448 --- [main] aWebConfiguration$JpaWebMvcConfiguration : spring.jpa.open-in-view is enabled by default. Therefore, database queries may be performed during view rendering. Explicitly configure spring.jpa.open-in-view to disable this warning
2018-09-07 23:19:26.426  INFO 4448 --- [main] s.w.s.m.m.a.RequestMappingHandlerMapping : Mapped "{[/readingList/{reader}],methods=[POST]}" onto public java.lang.String com.example.readinglist.ReadingListController.addToReadingList(java.lang.String,com.example.readinglist.Book)
2018-09-07 23:19:26.426  INFO 4448 --- [main] s.w.s.m.m.a.RequestMappingHandlerMapping : Mapped "{[/readingList/{reader}],methods=[GET]}" onto public java.lang.String com.example.readinglist.ReadingListController.readersBooks(java.lang.String,org.springframework.ui.Model)
2018-09-07 23:19:26.426  INFO 4448 --- [main] s.w.s.m.m.a.RequestMappingHandlerMapping : Mapped "{[/error]}" onto public org.springframework.http.ResponseEntity<java.util.Map<java.lang.String, java.lang.Object>> org.springframework.boot.autoconfigure.web.servlet.error.BasicErrorController.error(javax.servlet.http.HttpServletRequest)
2018-09-07 23:19:26.426  INFO 4448 --- [main] s.w.s.m.m.a.RequestMappingHandlerMapping : Mapped "{[/error],produces=[text/html]}" onto public org.springframework.web.servlet.ModelAndView org.springframework.boot.autoconfigure.web.servlet.error.BasicErrorController.errorHtml(javax.servlet.http.HttpServletRequest,javax.servlet.http.HttpServletResponse)
2018-09-07 23:19:26.489  INFO 4448 --- [main] o.s.w.s.h.SimpleUrlHandlerMapping        : Mapped URL path [/webjars/**] onto handler of type [class org.springframework.web.servlet.resource.ResourceHttpRequestHandler]
2018-09-07 23:19:26.489  INFO 4448 --- [main] o.s.w.s.h.SimpleUrlHandlerMapping        : Mapped URL path [/**] onto handler of type [class org.springframework.web.servlet.resource.ResourceHttpRequestHandler]
2018-09-07 23:19:27.051  INFO 4448 --- [main] o.s.j.e.a.AnnotationMBeanExporter        : Registering beans for JMX exposure on startup
2018-09-07 23:19:27.051  INFO 4448 --- [main] o.s.j.e.a.AnnotationMBeanExporter        : Bean with name 'dataSource' has been autodetected for JMX exposure
2018-09-07 23:19:27.067  INFO 4448 --- [main] o.s.j.e.a.AnnotationMBeanExporter        : Located MBean 'dataSource': registering with JMX server as MBean [com.zaxxer.hikari:name=dataSource,type=HikariDataSource]
2018-09-07 23:19:27.957  INFO 4448 --- [main] o.s.b.w.e.t.TomcatWebServer              : Tomcat started on port(s): 8443 (https) with context path ''
2018-09-07 23:19:27.957  INFO 4448 --- [main] c.e.r.ReadingListApplication             : Started ReadingListApplication in 10.168 seconds (JVM running for 11.282)
2018-09-07 23:20:59.342  INFO 4448 --- [Thread-3] ConfigServletWebServerApplicationContext : Closing org.springframework.boot.web.servlet.context.AnnotationConfigServletWebServerApplicationContext@506e6d5e: startup date [Fri Sep 07 23:19:18 CST 2018]; root of context hierarchy
2018-09-07 23:20:59.342  INFO 4448 --- [Thread-3] o.s.j.e.a.AnnotationMBeanExporter        : Unregistering JMX-exposed beans on shutdown
2018-09-07 23:20:59.358  INFO 4448 --- [Thread-3] o.s.j.e.a.AnnotationMBeanExporter        : Unregistering JMX-exposed beans
2018-09-07 23:20:59.358  INFO 4448 --- [Thread-3] j.LocalContainerEntityManagerFactoryBean : Closing JPA EntityManagerFactory for persistence unit 'default'
2018-09-07 23:20:59.358  INFO 4448 --- [Thread-3] .SchemaDropperImpl$DelayedDropActionImpl : HHH000477: Starting delayed drop of schema as part of SessionFactory shut-down'
2018-09-07 23:20:59.373  INFO 4448 --- [Thread-3] c.z.h.HikariDataSource                   : HikariPool-1 - Shutdown initiated...
2018-09-07 23:20:59.389  INFO 4448 --- [Thread-3] c.z.h.HikariDataSource                   : HikariPool-1 - Shutdown completed.
